2025-03-02 12:10:19 [restartedMain] - Starting ConwayguiApplication using Java 17.0.5 with PID 73640 (C:\Didattica2025\issLab2025\conwayguiv0\build\classes\java\main started by utente in C:\Didattica2025\issLab2025\conwayguiv0)
2025-03-02 12:10:19 [restartedMain] - No active profile set, falling back to 1 default profile: "default"
2025-03-02 12:10:20 [restartedMain] - Devtools property defaults active! Set 'spring.devtools.add-properties' to 'false' to disable
2025-03-02 12:10:20 [restartedMain] - For additional web related logging consider setting the 'logging.level.web' property to 'DEBUG'
2025-03-02 12:10:20 [restartedMain] - Tomcat initialized with port 7110 (http)
2025-03-02 12:10:20 [restartedMain] - Initializing ProtocolHandler ["http-nio-7110"]
2025-03-02 12:10:20 [restartedMain] - Starting service [Tomcat]
2025-03-02 12:10:20 [restartedMain] - Starting Servlet engine: [Apache Tomcat/10.1.34]
2025-03-02 12:10:20 [restartedMain] - Initializing Spring embedded WebApplicationContext
2025-03-02 12:10:20 [restartedMain] - Root WebApplicationContext: initialization completed in 963 ms
2025-03-02 12:10:21 [restartedMain] - Adding welcome page: class path resource [static/index.html]
2025-03-02 12:10:21 [restartedMain] - LiveReload server is running on port 35729
2025-03-02 12:10:21 [restartedMain] - Starting ProtocolHandler ["http-nio-7110"]
2025-03-02 12:10:21 [restartedMain] - Tomcat started on port 7110 (http) with context path '/'
2025-03-02 12:10:21 [restartedMain] - Started ConwayguiApplication in 1.794 seconds (process running for 2.262)
2025-03-02 12:10:25 [http-nio-7110-exec-1] - Initializing Spring DispatcherServlet 'dispatcherServlet'
2025-03-02 12:10:25 [http-nio-7110-exec-1] - Initializing Servlet 'dispatcherServlet'
2025-03-02 12:10:25 [http-nio-7110-exec-1] - Completed initialization in 1 ms
2025-03-02 12:11:20 [main] - Could not detect default configuration classes for test class [unibo.disi.conwaygui.ConwayguiApplicationTests]: ConwayguiApplicationTests does not declare any static, non-private, non-final, nested classes annotated with @Configuration.
2025-03-02 12:11:21 [main] - Found @SpringBootConfiguration unibo.disi.conwaygui.ConwayguiApplication for test class unibo.disi.conwaygui.ConwayguiApplicationTests
2025-03-02 12:11:21 [main] - Restart disabled due to context in which it is running
2025-03-02 12:11:21 [main] - Starting ConwayguiApplicationTests using Java 17.0.9 with PID 69048 (started by utente in C:\Didattica2025\issLab2025\conwayguiv0)
2025-03-02 12:11:21 [main] - No active profile set, falling back to 1 default profile: "default"
2025-03-02 12:11:22 [main] - Adding welcome page: class path resource [static/index.html]
2025-03-02 12:11:22 [main] - Started ConwayguiApplicationTests in 1.659 seconds (process running for 2.938)
2025-03-02 12:12:34 [main] - Could not detect default configuration classes for test class [unibo.disi.conwaygui.ConwayguiApplicationTests]: ConwayguiApplicationTests does not declare any static, non-private, non-final, nested classes annotated with @Configuration.
2025-03-02 12:12:34 [main] - Found @SpringBootConfiguration unibo.disi.conwaygui.ConwayguiApplication for test class unibo.disi.conwaygui.ConwayguiApplicationTests
2025-03-02 12:12:34 [main] - Restart disabled due to context in which it is running
2025-03-02 12:12:35 [main] - Starting ConwayguiApplicationTests using Java 17.0.5 with PID 69532 (started by utente in C:\Didattica2025\issLab2025\conwayguiv0)
2025-03-02 12:12:35 [main] - No active profile set, falling back to 1 default profile: "default"
2025-03-02 12:12:36 [main] - Adding welcome page: class path resource [static/index.html]
2025-03-02 12:12:36 [main] - Started ConwayguiApplicationTests in 2.009 seconds (process running for 3.445)
2025-03-02 12:14:57 [restartedMain] - Starting ConwayguiApplication using Java 17.0.5 with PID 66140 (C:\Didattica2025\issLab2025\conwayguiv0\build\classes\java\main started by utente in C:\Didattica2025\issLab2025\conwayguiv0)
2025-03-02 12:14:57 [restartedMain] - No active profile set, falling back to 1 default profile: "default"
2025-03-02 12:14:57 [restartedMain] - Devtools property defaults active! Set 'spring.devtools.add-properties' to 'false' to disable
2025-03-02 12:14:57 [restartedMain] - For additional web related logging consider setting the 'logging.level.web' property to 'DEBUG'
2025-03-02 12:14:57 [restartedMain] - Tomcat initialized with port 7110 (http)
2025-03-02 12:14:57 [restartedMain] - Initializing ProtocolHandler ["http-nio-7110"]
2025-03-02 12:14:57 [restartedMain] - Starting service [Tomcat]
2025-03-02 12:14:57 [restartedMain] - Starting Servlet engine: [Apache Tomcat/10.1.34]
2025-03-02 12:14:57 [restartedMain] - Initializing Spring embedded WebApplicationContext
2025-03-02 12:14:57 [restartedMain] - Root WebApplicationContext: initialization completed in 918 ms
2025-03-02 12:14:58 [restartedMain] - Adding welcome page: class path resource [static/index.html]
2025-03-02 12:14:58 [restartedMain] - Unable to start LiveReload server
2025-03-02 12:14:58 [restartedMain] - Starting ProtocolHandler ["http-nio-7110"]
2025-03-02 12:14:58 [restartedMain] - Exception encountered during context initialization - cancelling refresh attempt: org.springframework.context.ApplicationContextException: Failed to start bean 'webServerStartStop'
2025-03-02 12:14:58 [restartedMain] - 

Error starting ApplicationContext. To display the condition evaluation report re-run your application with 'debug' enabled.
2025-03-02 12:14:58 [restartedMain] - 

***************************
APPLICATION FAILED TO START
***************************

Description:

Web server failed to start. Port 7110 was already in use.

Action:

Identify and stop the process that's listening on port 7110 or configure this application to listen on another port.

2025-03-02 12:17:24 [restartedMain] - Starting ConwayguiApplication using Java 17.0.5 with PID 76248 (C:\Didattica2025\issLab2025\conwayguiv0\build\classes\java\main started by utente in C:\Didattica2025\issLab2025\conwayguiv0)
2025-03-02 12:17:24 [restartedMain] - No active profile set, falling back to 1 default profile: "default"
2025-03-02 12:17:24 [restartedMain] - Devtools property defaults active! Set 'spring.devtools.add-properties' to 'false' to disable
2025-03-02 12:17:24 [restartedMain] - For additional web related logging consider setting the 'logging.level.web' property to 'DEBUG'
2025-03-02 12:17:25 [restartedMain] - Tomcat initialized with port 7110 (http)
2025-03-02 12:17:25 [restartedMain] - Initializing ProtocolHandler ["http-nio-7110"]
2025-03-02 12:17:25 [restartedMain] - Starting service [Tomcat]
2025-03-02 12:17:25 [restartedMain] - Starting Servlet engine: [Apache Tomcat/10.1.34]
2025-03-02 12:17:25 [restartedMain] - Initializing Spring embedded WebApplicationContext
2025-03-02 12:17:25 [restartedMain] - Root WebApplicationContext: initialization completed in 1046 ms
2025-03-02 12:17:25 [restartedMain] - Adding welcome page: class path resource [static/index.html]
2025-03-02 12:17:26 [restartedMain] - LiveReload server is running on port 35729
2025-03-02 12:17:26 [restartedMain] - Starting ProtocolHandler ["http-nio-7110"]
2025-03-02 12:17:26 [restartedMain] - Tomcat started on port 7110 (http) with context path '/'
2025-03-02 12:17:26 [restartedMain] - Started ConwayguiApplication in 1.87 seconds (process running for 2.398)
2025-03-02 12:17:35 [http-nio-7110-exec-1] - Initializing Spring DispatcherServlet 'dispatcherServlet'
2025-03-02 12:17:35 [http-nio-7110-exec-1] - Initializing Servlet 'dispatcherServlet'
2025-03-02 12:17:35 [http-nio-7110-exec-1] - Completed initialization in 0 ms
